<?xml version="1.0" encoding="UTF-8"?>
<testng-results skipped="0" failed="0" ignored="0" total="4" passed="4">
  <reporter-output>
  </reporter-output>
  <suite name="Default suite" duration-ms="28698" started-at="2021-04-22T18:01:51 IST" finished-at="2021-04-22T18:02:19 IST">
    <groups>
    </groups>
    <test name="Default test" duration-ms="28698" started-at="2021-04-22T18:01:51 IST" finished-at="2021-04-22T18:02:19 IST">
      <class name="com.cjc.mt.test.AllTest">
        <test-method status="PASS" signature="log4j()[pri:-2, instance:com.cjc.mt.test.AllTest@1877ab81]" name="log4j" duration-ms="75" started-at="2021-04-22T18:01:51 IST" finished-at="2021-04-22T18:01:51 IST">
          <reporter-output>
          </reporter-output>
        </test-method> <!-- log4j -->
        <test-method status="PASS" signature="Browser()[pri:-1, instance:com.cjc.mt.test.AllTest@1877ab81]" name="Browser" duration-ms="9347" started-at="2021-04-22T18:01:51 IST" finished-at="2021-04-22T18:02:00 IST">
          <reporter-output>
          </reporter-output>
        </test-method> <!-- Browser -->
        <test-method status="PASS" signature="Registertest()[pri:1, instance:com.cjc.mt.test.AllTest@1877ab81]" name="Registertest" duration-ms="15605" started-at="2021-04-22T18:02:00 IST" finished-at="2021-04-22T18:02:16 IST">
          <reporter-output>
          </reporter-output>
        </test-method> <!-- Registertest -->
        <test-method status="PASS" signature="LoginTest()[pri:3, instance:com.cjc.mt.test.AllTest@1877ab81]" name="LoginTest" duration-ms="3599" started-at="2021-04-22T18:02:16 IST" finished-at="2021-04-22T18:02:19 IST">
          <reporter-output>
          </reporter-output>
        </test-method> <!-- LoginTest -->
      </class> <!-- com.cjc.mt.test.AllTest -->
    </test> <!-- Default test -->
  </suite> <!-- Default suite -->
</testng-results>
