<?xml version="1.0" encoding="UTF-8"?>
<!-- Generated by org.testng.reporters.JUnitXMLReporter -->
<testsuite hostname="Dell-PC" ignored="0" name="Default test" tests="3" failures="0" timestamp="2021-04-22T13:33:06 IST" time="21.754" errors="0">
  <testcase name="log4j" time="0.024" classname="com.cjc.mt.test.LoginTest"/>
  <testcase name="Browser" time="8.468" classname="com.cjc.mt.test.LoginTest"/>
  <testcase name="Registertest" time="13.19" classname="com.cjc.mt.test.LoginTest"/>
</testsuite> <!-- Default test -->
