<?xml version="1.0" encoding="UTF-8"?>
<!-- Generated by org.testng.reporters.JUnitXMLReporter -->
<testsuite hostname="Dell-PC" ignored="0" name="Default test" tests="4" failures="0" timestamp="2021-04-22T18:02:19 IST" time="28.698" errors="0">
  <testcase name="log4j" time="0.075" classname="com.cjc.mt.test.AllTest"/>
  <testcase name="Browser" time="9.347" classname="com.cjc.mt.test.AllTest"/>
  <testcase name="Registertest" time="15.605" classname="com.cjc.mt.test.AllTest"/>
  <testcase name="LoginTest" time="3.599" classname="com.cjc.mt.test.AllTest"/>
</testsuite> <!-- Default test -->
