<?xml version="1.0" encoding="UTF-8"?>
<testng-results skipped="0" failed="1" ignored="0" total="4" passed="3">
  <reporter-output>
  </reporter-output>
  <suite name="Default suite" duration-ms="52821" started-at="2021-04-25T00:17:39 IST" finished-at="2021-04-25T00:18:32 IST">
    <groups>
    </groups>
    <test name="Default test" duration-ms="52821" started-at="2021-04-25T00:17:39 IST" finished-at="2021-04-25T00:18:32 IST">
      <class name="com.cjc.dws.tests.AllTestcomb">
        <test-method status="PASS" signature="openBrowser()[pri:0, instance:com.cjc.dws.tests.AllTestcomb@69b0fd6f]" name="openBrowser" is-config="true" duration-ms="3221" started-at="2021-04-25T00:17:36 IST" finished-at="2021-04-25T00:17:39 IST">
          <reporter-output>
          </reporter-output>
        </test-method> <!-- openBrowser -->
        <test-method status="PASS" signature="openURL()[pri:0, instance:com.cjc.dws.tests.AllTestcomb@69b0fd6f]" name="openURL" is-config="true" duration-ms="3494" started-at="2021-04-25T00:17:39 IST" finished-at="2021-04-25T00:17:43 IST">
          <reporter-output>
          </reporter-output>
        </test-method> <!-- openURL -->
        <test-method status="PASS" signature="maximize()[pri:0, instance:com.cjc.dws.tests.AllTestcomb@69b0fd6f]" name="maximize" is-config="true" duration-ms="666" started-at="2021-04-25T00:17:43 IST" finished-at="2021-04-25T00:17:43 IST">
          <reporter-output>
          </reporter-output>
        </test-method> <!-- maximize -->
        <test-method status="PASS" signature="cookies()[pri:0, instance:com.cjc.dws.tests.AllTestcomb@69b0fd6f]" name="cookies" is-config="true" duration-ms="1" started-at="2021-04-25T00:17:43 IST" finished-at="2021-04-25T00:17:43 IST">
          <reporter-output>
          </reporter-output>
        </test-method> <!-- cookies -->
        <test-method status="FAIL" signature="registerTestpage()[pri:1, instance:com.cjc.dws.tests.AllTestcomb@69b0fd6f]" name="registerTestpage" duration-ms="8896" started-at="2021-04-25T00:17:43 IST" finished-at="2021-04-25T00:17:52 IST">
          <exception class="java.lang.NullPointerException">
            <full-stacktrace>
              <![CDATA[java.lang.NullPointerException
at com.cjc.dws.tests.Registertest.regPage(Registertest.java:53)
at com.cjc.dws.tests.AllTestcomb.registerTestpage(AllTestcomb.java:61)
at sun.reflect.NativeMethodAccessorImpl.invoke0(Native Method)
at sun.reflect.NativeMethodAccessorImpl.invoke(NativeMethodAccessorImpl.java:62)
at sun.reflect.DelegatingMethodAccessorImpl.invoke(DelegatingMethodAccessorImpl.java:43)
at java.lang.reflect.Method.invoke(Method.java:498)
at org.testng.internal.MethodInvocationHelper.invokeMethod(MethodInvocationHelper.java:132)
at org.testng.internal.TestInvoker.invokeMethod(TestInvoker.java:599)
at org.testng.internal.TestInvoker.invokeTestMethod(TestInvoker.java:174)
at org.testng.internal.MethodRunner.runInSequence(MethodRunner.java:46)
at org.testng.internal.TestInvoker$MethodInvocationAgent.invoke(TestInvoker.java:822)
at org.testng.internal.TestInvoker.invokeTestMethods(TestInvoker.java:147)
at org.testng.internal.TestMethodWorker.invokeTestMethods(TestMethodWorker.java:146)
at org.testng.internal.TestMethodWorker.run(TestMethodWorker.java:128)
at java.util.ArrayList.forEach(ArrayList.java:1249)
at org.testng.TestRunner.privateRun(TestRunner.java:764)
at org.testng.TestRunner.run(TestRunner.java:585)
at org.testng.SuiteRunner.runTest(SuiteRunner.java:384)
at org.testng.SuiteRunner.runSequentially(SuiteRunner.java:378)
at org.testng.SuiteRunner.privateRun(SuiteRunner.java:337)
at org.testng.SuiteRunner.run(SuiteRunner.java:286)
at org.testng.SuiteRunnerWorker.runSuite(SuiteRunnerWorker.java:53)
at org.testng.SuiteRunnerWorker.run(SuiteRunnerWorker.java:96)
at org.testng.TestNG.runSuitesSequentially(TestNG.java:1218)
at org.testng.TestNG.runSuitesLocally(TestNG.java:1140)
at org.testng.TestNG.runSuites(TestNG.java:1069)
at org.testng.TestNG.run(TestNG.java:1037)
at org.testng.remote.AbstractRemoteTestNG.run(AbstractRemoteTestNG.java:115)
at org.testng.remote.RemoteTestNG.initAndRun(RemoteTestNG.java:251)
at org.testng.remote.RemoteTestNG.main(RemoteTestNG.java:77)
]]>
            </full-stacktrace>
          </exception> <!-- java.lang.NullPointerException -->
          <reporter-output>
          </reporter-output>
        </test-method> <!-- registerTestpage -->
        <test-method status="PASS" signature="cartdtest()[pri:2, instance:com.cjc.dws.tests.AllTestcomb@69b0fd6f]" name="cartdtest" duration-ms="12556" started-at="2021-04-25T00:17:52 IST" finished-at="2021-04-25T00:18:05 IST">
          <reporter-output>
          </reporter-output>
        </test-method> <!-- cartdtest -->
        <test-method status="PASS" signature="cookies()[pri:0, instance:com.cjc.dws.tests.AllTestcomb@69b0fd6f]" name="cookies" is-config="true" duration-ms="0" started-at="2021-04-25T00:17:52 IST" finished-at="2021-04-25T00:17:52 IST">
          <reporter-output>
          </reporter-output>
        </test-method> <!-- cookies -->
        <test-method status="PASS" signature="cookies()[pri:0, instance:com.cjc.dws.tests.AllTestcomb@69b0fd6f]" name="cookies" is-config="true" duration-ms="1" started-at="2021-04-25T00:18:05 IST" finished-at="2021-04-25T00:18:05 IST">
          <reporter-output>
          </reporter-output>
        </test-method> <!-- cookies -->
        <test-method status="PASS" signature="shopingtest()[pri:3, instance:com.cjc.dws.tests.AllTestcomb@69b0fd6f]" name="shopingtest" duration-ms="10233" started-at="2021-04-25T00:18:05 IST" finished-at="2021-04-25T00:18:15 IST">
          <reporter-output>
          </reporter-output>
        </test-method> <!-- shopingtest -->
        <test-method status="PASS" signature="cookies()[pri:0, instance:com.cjc.dws.tests.AllTestcomb@69b0fd6f]" name="cookies" is-config="true" duration-ms="1" started-at="2021-04-25T00:18:15 IST" finished-at="2021-04-25T00:18:15 IST">
          <reporter-output>
          </reporter-output>
        </test-method> <!-- cookies -->
        <test-method status="PASS" signature="checkouttest()[pri:4, instance:com.cjc.dws.tests.AllTestcomb@69b0fd6f]" name="checkouttest" duration-ms="16903" started-at="2021-04-25T00:18:15 IST" finished-at="2021-04-25T00:18:32 IST">
          <reporter-output>
          </reporter-output>
        </test-method> <!-- checkouttest -->
      </class> <!-- com.cjc.dws.tests.AllTestcomb -->
    </test> <!-- Default test -->
  </suite> <!-- Default suite -->
</testng-results>
