<?xml version="1.0" encoding="UTF-8"?>
<!-- Generated by org.testng.reporters.JUnitXMLReporter -->
<testsuite hostname="Dell-PC" ignored="0" name="Test" tests="2" failures="1" timestamp="2021-04-21T23:34:14 IST" time="16.694" errors="0">
  <testcase name="Browser" time="16.58" classname="com.cjc.mt.test.LoginTest"/>
  <testcase name="Registertest" time="0.044" classname="com.cjc.mt.test.LoginTest">
    <failure type="java.io.FileNotFoundException" message="\Jenkins\Mtforjenkins.xlsx (The system cannot find the path specified)">
      <![CDATA[java.io.FileNotFoundException: \Jenkins\Mtforjenkins.xlsx (The system cannot find the path specified)
at java.io.FileInputStream.open0(Native Method)
at java.io.FileInputStream.open(FileInputStream.java:195)
at java.io.FileInputStream.<init>(FileInputStream.java:138)
at java.io.FileInputStream.<init>(FileInputStream.java:93)
at com.cjc.mt.test.LoginTest.Registertest(LoginTest.java:47)
at java.util.ArrayList.forEach(ArrayList.java:1249)
... Removed 27 stack frames]]>
    </failure>
  </testcase> <!-- Registertest -->
</testsuite> <!-- Test -->
