<?xml version="1.0" encoding="UTF-8"?>
<!-- Generated by org.testng.reporters.JUnitXMLReporter -->
<testsuite hostname="Dell-PC" ignored="3" name="Default test(failed)" tests="1" failures="1" timestamp="2021-04-25T00:11:50 IST" time="14.443" errors="0">
  <testcase name="registerTestpage" time="9.914" classname="com.cjc.dws.tests.AllTestcomb">
    <failure type="java.lang.NullPointerException">
      <![CDATA[java.lang.NullPointerException
at com.cjc.dws.tests.Registertest.regPage(Registertest.java:53)
at com.cjc.dws.tests.AllTestcomb.registerTestpage(AllTestcomb.java:61)
at java.util.ArrayList.forEach(ArrayList.java:1249)
... Removed 27 stack frames]]>
    </failure>
  </testcase> <!-- registerTestpage -->
  <testcase name="checkouttest" time="0.0" classname="com.cjc.dws.tests.AllTestcomb">
    <ignored/>
  </testcase> <!-- checkouttest -->
  <testcase name="cartdtest" time="0.0" classname="com.cjc.dws.tests.AllTestcomb">
    <ignored/>
  </testcase> <!-- cartdtest -->
  <testcase name="shopingtest" time="0.0" classname="com.cjc.dws.tests.AllTestcomb">
    <ignored/>
  </testcase> <!-- shopingtest -->
</testsuite> <!-- Default test(failed) -->
