<?xml version="1.0" encoding="UTF-8"?>
<!-- Generated by org.testng.reporters.JUnitXMLReporter -->
<testsuite hostname="Dell-PC" ignored="0" name="Test" tests="4" failures="1" timestamp="2021-04-24T18:57:45 IST" time="92.456" errors="0">
  <testcase name="registerTestpage" time="38.059" classname="com.cjc.dws.tests.AllTestcomb">
    <failure type="java.lang.NullPointerException">
      <![CDATA[java.lang.NullPointerException
at com.cjc.dws.tests.Registertest.regPage(Registertest.java:53)
at com.cjc.dws.tests.AllTestcomb.registerTestpage(AllTestcomb.java:61)
at java.util.ArrayList.forEach(ArrayList.java:1249)
... Removed 27 stack frames]]>
    </failure>
  </testcase> <!-- registerTestpage -->
  <testcase name="cartdtest" time="17.898" classname="com.cjc.dws.tests.AllTestcomb"/>
  <testcase name="shopingtest" time="11.099" classname="com.cjc.dws.tests.AllTestcomb"/>
  <testcase name="checkouttest" time="18.209" classname="com.cjc.dws.tests.AllTestcomb"/>
</testsuite> <!-- Test -->
